0 info it worked if it ends with ok
1 verbose cli [ 'C:\\Program Files\\nodejs\\node.exe',
1 verbose cli   'C:\\Program Files\\nodejs\\node_modules\\npm\\bin\\npm-cli.js',
1 verbose cli   'run',
1 verbose cli   'xxx' ]
2 info using npm@3.10.10
3 info using node@v6.10.1
4 verbose run-script [ 'prexxx', 'xxx', 'postxxx' ]
5 info lifecycle untitled4@0.0.0~prexxx: untitled4@0.0.0
6 silly lifecycle untitled4@0.0.0~prexxx: no script for prexxx, continuing
7 info lifecycle untitled4@0.0.0~xxx: untitled4@0.0.0
8 verbose lifecycle untitled4@0.0.0~xxx: unsafe-perm in lifecycle true
9 verbose lifecycle untitled4@0.0.0~xxx: PATH: C:\Program Files\nodejs\node_modules\npm\bin\node-gyp-bin;E:\school timetable\zepto\zepto\zepto_server\node_modules\.bin;C:\Program Files (x86)\Intel\iCLS Client\;C:\Program Files\Intel\iCLS Client\;C:\Windows\system32;C:\Windows;C:\Windows\System32\Wbem;C:\Windows\System32\WindowsPowerShell\v1.0\;C:\Program Files (x86)\Intel\Intel(R) Management Engine Components\DAL;C:\Program Files\Intel\Intel(R) Management Engine Components\DAL;C:\Program Files (x86)\Intel\Intel(R) Management Engine Components\IPT;C:\Program Files\Intel\Intel(R) Management Engine Components\IPT;C:\Program Files (x86)\NVIDIA Corporation\PhysX\Common;C:\Program Files\Intel\WiFi\bin\;C:\Program Files\Common Files\Intel\WirelessCommon\;C:\Program Files\nodejs\;F:\工具\bin;C:\Program Files\TortoiseSVN\bin;C:\Users\lenovo\AppData\Local\Microsoft\WindowsApps;C:\Users\lenovo\AppData\Roaming\npm
10 verbose lifecycle untitled4@0.0.0~xxx: CWD: E:\school timetable\zepto\zepto\zepto_server
11 silly lifecycle untitled4@0.0.0~xxx: Args: [ '/d /s /c', 'node ./bin/www' ]
12 silly lifecycle untitled4@0.0.0~xxx: Returned: code: 3221225786  signal: null
13 info lifecycle untitled4@0.0.0~xxx: Failed to exec xxx script
14 verbose stack Error: untitled4@0.0.0 xxx: `node ./bin/www`
14 verbose stack Exit status 3221225786
14 verbose stack     at EventEmitter.<anonymous> (C:\Program Files\nodejs\node_modules\npm\lib\utils\lifecycle.js:255:16)
14 verbose stack     at emitTwo (events.js:106:13)
14 verbose stack     at EventEmitter.emit (events.js:191:7)
14 verbose stack     at ChildProcess.<anonymous> (C:\Program Files\nodejs\node_modules\npm\lib\utils\spawn.js:40:14)
14 verbose stack     at emitTwo (events.js:106:13)
14 verbose stack     at ChildProcess.emit (events.js:191:7)
14 verbose stack     at maybeClose (internal/child_process.js:886:16)
14 verbose stack     at Process.ChildProcess._handle.onexit (internal/child_process.js:226:5)
15 verbose pkgid untitled4@0.0.0
16 verbose cwd E:\school timetable\zepto\zepto\zepto_server
17 error Windows_NT 10.0.14393
18 error argv "C:\\Program Files\\nodejs\\node.exe" "C:\\Program Files\\nodejs\\node_modules\\npm\\bin\\npm-cli.js" "run" "xxx"
19 error node v6.10.1
20 error npm  v3.10.10
21 error code ELIFECYCLE
22 error untitled4@0.0.0 xxx: `node ./bin/www`
22 error Exit status 3221225786
23 error Failed at the untitled4@0.0.0 xxx script 'node ./bin/www'.
23 error Make sure you have the latest version of node.js and npm installed.
23 error If you do, this is most likely a problem with the untitled4 package,
23 error not with npm itself.
23 error Tell the author that this fails on your system:
23 error     node ./bin/www
23 error You can get information on how to open an issue for this project with:
23 error     npm bugs untitled4
23 error Or if that isn't available, you can get their info via:
23 error     npm owner ls untitled4
23 error There is likely additional logging output above.
24 verbose exit [ 1, true ]
